{"contracts/IMacroGuard.sol":{"l":{},"path":"/home/recyclebin/hackathon/encode-flare/flare-insurance-dapp/contract/contracts/IMacroGuard.sol","s":{},"b":{},"f":{},"fnMap":{},"statementMap":{},"branchMap":{}},"contracts/MacroGuard.sol":{"l":{"30":8,"43":22,"44":21,"46":20,"47":19,"48":18,"49":17,"50":16,"51":16,"53":15,"55":15,"57":15,"59":15,"74":15,"76":15,"78":15,"82":8,"83":8,"84":7,"85":6,"87":5,"88":3,"90":3,"92":3,"94":3,"99":3,"102":3,"105":2,"108":1,"111":1,"116":5,"119":5,"122":5,"124":4,"125":2,"128":2,"129":2,"132":2,"136":1,"137":1,"140":1,"145":17,"148":17,"150":17,"151":17,"153":17,"154":13,"155":13,"157":13,"158":9,"159":5,"160":5,"163":4,"164":1,"165":1,"173":0,"181":9,"185":0,"189":1},"path":"/home/recyclebin/hackathon/encode-flare/flare-insurance-dapp/contract/contracts/MacroGuard.sol","s":{"1":22,"2":21,"3":20,"4":19,"5":18,"6":17,"7":16,"8":16,"9":15,"10":15,"11":15,"12":15,"13":15,"14":15,"15":8,"16":8,"17":7,"18":6,"19":5,"20":3,"21":3,"22":3,"23":3,"24":3,"25":2,"26":1,"27":1,"28":5,"29":5,"30":5,"31":4,"32":2,"33":2,"34":2,"35":1,"36":1,"37":1,"38":17,"39":17,"40":17,"41":17,"42":13,"43":13,"44":13,"45":9,"46":5,"47":4,"48":1,"49":0,"50":9,"51":0,"52":1},"b":{"1":[21,1],"2":[20,1],"3":[19,1],"4":[18,1],"5":[17,1],"6":[16,1],"7":[16,0],"8":[15,1],"9":[15,0],"10":[7,1],"11":[6,1],"12":[5,1],"13":[3,0],"14":[2,1],"15":[1,1],"16":[5,0],"17":[4,1],"18":[2,2],"19":[9,4],"20":[5,4],"21":[1,3]},"f":{"1":8,"2":22,"3":8,"4":3,"5":5,"6":17,"7":0,"8":0,"9":9,"10":0,"11":1},"fnMap":{"1":{"name":"constructor","line":29,"loc":{"start":{"line":29,"column":4},"end":{"line":31,"column":4}}},"2":{"name":"createPolicy","line":33,"loc":{"start":{"line":33,"column":4},"end":{"line":79,"column":4}}},"3":{"name":"buyPolicy","line":81,"loc":{"start":{"line":81,"column":4},"end":{"line":95,"column":4}}},"4":{"name":"redeemPolicy","line":97,"loc":{"start":{"line":97,"column":4},"end":{"line":112,"column":4}}},"5":{"name":"expirePolicy","line":114,"loc":{"start":{"line":114,"column":4},"end":{"line":142,"column":4}}},"6":{"name":"updateData","line":144,"loc":{"start":{"line":144,"column":4},"end":{"line":169,"column":4}}},"7":{"name":"isJsonApiProofValid","line":171,"loc":{"start":{"line":171,"column":4},"end":{"line":174,"column":4}}},"8":{"name":"abiSignatureHack","line":176,"loc":{"start":{"line":176,"column":4},"end":{"line":176,"column":77}}},"9":{"name":"getPolicy","line":180,"loc":{"start":{"line":180,"column":4},"end":{"line":182,"column":4}}},"10":{"name":"getCurrentPolicyId","line":184,"loc":{"start":{"line":184,"column":4},"end":{"line":186,"column":4}}},"11":{"name":"getIndicatorValue","line":188,"loc":{"start":{"line":188,"column":4},"end":{"line":190,"column":4}}}},"statementMap":{"1":{"start":{"line":43,"column":8},"end":{"line":43,"column":65}},"2":{"start":{"line":44,"column":8},"end":{"line":44,"column":75}},"3":{"start":{"line":46,"column":8},"end":{"line":46,"column":50}},"4":{"start":{"line":47,"column":8},"end":{"line":47,"column":60}},"5":{"start":{"line":48,"column":8},"end":{"line":48,"column":52}},"6":{"start":{"line":49,"column":8},"end":{"line":49,"column":58}},"7":{"start":{"line":50,"column":8},"end":{"line":50,"column":56}},"8":{"start":{"line":51,"column":8},"end":{"line":51,"column":48}},"9":{"start":{"line":53,"column":8},"end":{"line":53,"column":55}},"10":{"start":{"line":55,"column":8},"end":{"line":55,"column":103}},"11":{"start":{"line":57,"column":8},"end":{"line":57,"column":60}},"12":{"start":{"line":74,"column":8},"end":{"line":74,"column":59}},"13":{"start":{"line":76,"column":8},"end":{"line":76,"column":57}},"14":{"start":{"line":78,"column":8},"end":{"line":78,"column":34}},"15":{"start":{"line":82,"column":8},"end":{"line":82,"column":44}},"16":{"start":{"line":83,"column":8},"end":{"line":83,"column":63}},"17":{"start":{"line":84,"column":8},"end":{"line":84,"column":81}},"18":{"start":{"line":85,"column":8},"end":{"line":85,"column":79}},"19":{"start":{"line":87,"column":8},"end":{"line":87,"column":88}},"20":{"start":{"line":88,"column":8},"end":{"line":88,"column":50}},"21":{"start":{"line":92,"column":8},"end":{"line":92,"column":35}},"22":{"start":{"line":94,"column":8},"end":{"line":94,"column":60}},"23":{"start":{"line":99,"column":8},"end":{"line":99,"column":43}},"24":{"start":{"line":102,"column":8},"end":{"line":102,"column":70}},"25":{"start":{"line":105,"column":8},"end":{"line":105,"column":92}},"26":{"start":{"line":108,"column":8},"end":{"line":108,"column":31}},"27":{"start":{"line":111,"column":8},"end":{"line":111,"column":52}},"28":{"start":{"line":116,"column":8},"end":{"line":116,"column":44}},"29":{"start":{"line":119,"column":8},"end":{"line":119,"column":78}},"30":{"start":{"line":122,"column":8},"end":{"line":122,"column":4216}},"31":{"start":{"line":124,"column":12},"end":{"line":124,"column":4322}},"32":{"start":{"line":125,"column":16},"end":{"line":125,"column":56}},"33":{"start":{"line":129,"column":16},"end":{"line":129,"column":59}},"34":{"start":{"line":132,"column":16},"end":{"line":132,"column":86}},"35":{"start":{"line":136,"column":12},"end":{"line":136,"column":80}},"36":{"start":{"line":137,"column":12},"end":{"line":137,"column":71}},"37":{"start":{"line":140,"column":12},"end":{"line":140,"column":60}},"38":{"start":{"line":145,"column":8},"end":{"line":145,"column":115}},"39":{"start":{"line":150,"column":8},"end":{"line":150,"column":77}},"40":{"start":{"line":151,"column":8},"end":{"line":151,"column":52}},"41":{"start":{"line":153,"column":8},"end":{"line":153,"column":5602}},"42":{"start":{"line":154,"column":12},"end":{"line":154,"column":51}},"43":{"start":{"line":155,"column":12},"end":{"line":155,"column":54}},"44":{"start":{"line":157,"column":12},"end":{"line":157,"column":5802}},"45":{"start":{"line":158,"column":16},"end":{"line":158,"column":5845}},"46":{"start":{"line":160,"column":20},"end":{"line":160,"column":72}},"47":{"start":{"line":163,"column":16},"end":{"line":163,"column":6067}},"48":{"start":{"line":165,"column":20},"end":{"line":165,"column":72}},"49":{"start":{"line":173,"column":8},"end":{"line":173,"column":88}},"50":{"start":{"line":181,"column":8},"end":{"line":181,"column":27}},"51":{"start":{"line":185,"column":8},"end":{"line":185,"column":32}},"52":{"start":{"line":189,"column":8},"end":{"line":189,"column":42}}},"branchMap":{"1":{"line":43,"type":"if","locations":[{"start":{"line":43,"column":8},"end":{"line":43,"column":8}},{"start":{"line":43,"column":8},"end":{"line":43,"column":8}}]},"2":{"line":44,"type":"if","locations":[{"start":{"line":44,"column":8},"end":{"line":44,"column":8}},{"start":{"line":44,"column":8},"end":{"line":44,"column":8}}]},"3":{"line":46,"type":"if","locations":[{"start":{"line":46,"column":8},"end":{"line":46,"column":8}},{"start":{"line":46,"column":8},"end":{"line":46,"column":8}}]},"4":{"line":47,"type":"if","locations":[{"start":{"line":47,"column":8},"end":{"line":47,"column":8}},{"start":{"line":47,"column":8},"end":{"line":47,"column":8}}]},"5":{"line":48,"type":"if","locations":[{"start":{"line":48,"column":8},"end":{"line":48,"column":8}},{"start":{"line":48,"column":8},"end":{"line":48,"column":8}}]},"6":{"line":49,"type":"if","locations":[{"start":{"line":49,"column":8},"end":{"line":49,"column":8}},{"start":{"line":49,"column":8},"end":{"line":49,"column":8}}]},"7":{"line":50,"type":"if","locations":[{"start":{"line":50,"column":8},"end":{"line":50,"column":8}},{"start":{"line":50,"column":8},"end":{"line":50,"column":8}}]},"8":{"line":51,"type":"if","locations":[{"start":{"line":51,"column":8},"end":{"line":51,"column":8}},{"start":{"line":51,"column":8},"end":{"line":51,"column":8}}]},"9":{"line":55,"type":"if","locations":[{"start":{"line":55,"column":8},"end":{"line":55,"column":8}},{"start":{"line":55,"column":8},"end":{"line":55,"column":8}}]},"10":{"line":83,"type":"if","locations":[{"start":{"line":83,"column":8},"end":{"line":83,"column":8}},{"start":{"line":83,"column":8},"end":{"line":83,"column":8}}]},"11":{"line":84,"type":"if","locations":[{"start":{"line":84,"column":8},"end":{"line":84,"column":8}},{"start":{"line":84,"column":8},"end":{"line":84,"column":8}}]},"12":{"line":85,"type":"if","locations":[{"start":{"line":85,"column":8},"end":{"line":85,"column":8}},{"start":{"line":85,"column":8},"end":{"line":85,"column":8}}]},"13":{"line":88,"type":"if","locations":[{"start":{"line":88,"column":8},"end":{"line":88,"column":8}},{"start":{"line":88,"column":8},"end":{"line":88,"column":8}}]},"14":{"line":102,"type":"if","locations":[{"start":{"line":102,"column":8},"end":{"line":102,"column":8}},{"start":{"line":102,"column":8},"end":{"line":102,"column":8}}]},"15":{"line":105,"type":"if","locations":[{"start":{"line":105,"column":8},"end":{"line":105,"column":8}},{"start":{"line":105,"column":8},"end":{"line":105,"column":8}}]},"16":{"line":119,"type":"if","locations":[{"start":{"line":119,"column":8},"end":{"line":119,"column":8}},{"start":{"line":119,"column":8},"end":{"line":119,"column":8}}]},"17":{"line":122,"type":"if","locations":[{"start":{"line":122,"column":8},"end":{"line":122,"column":8}},{"start":{"line":122,"column":8},"end":{"line":122,"column":8}}]},"18":{"line":124,"type":"if","locations":[{"start":{"line":124,"column":12},"end":{"line":124,"column":12}},{"start":{"line":124,"column":12},"end":{"line":124,"column":12}}]},"19":{"line":157,"type":"if","locations":[{"start":{"line":157,"column":12},"end":{"line":157,"column":12}},{"start":{"line":157,"column":12},"end":{"line":157,"column":12}}]},"20":{"line":158,"type":"if","locations":[{"start":{"line":158,"column":16},"end":{"line":158,"column":16}},{"start":{"line":158,"column":16},"end":{"line":158,"column":16}}]},"21":{"line":163,"type":"if","locations":[{"start":{"line":163,"column":16},"end":{"line":163,"column":16}},{"start":{"line":163,"column":16},"end":{"line":163,"column":16}}]}}},"contracts/TestToken.sol":{"l":{"10":17},"path":"/home/recyclebin/hackathon/encode-flare/flare-insurance-dapp/contract/contracts/TestToken.sol","s":{"1":17},"b":{},"f":{"1":8,"2":17},"fnMap":{"1":{"name":"constructor","line":7,"loc":{"start":{"line":7,"column":4},"end":{"line":7,"column":83}}},"2":{"name":"mint","line":9,"loc":{"start":{"line":9,"column":4},"end":{"line":11,"column":4}}}},"statementMap":{"1":{"start":{"line":10,"column":8},"end":{"line":10,"column":32}}},"branchMap":{}}}