TN:
SF:/home/recyclebin/hackathon/encode-flare/flare-insurance-dapp/contract/contracts/IMacroGuard.sol
FNF:0
FNH:0
LF:0
LH:0
BRF:0
BRH:0
end_of_record
TN:
SF:/home/recyclebin/hackathon/encode-flare/flare-insurance-dapp/contract/contracts/MacroGuard.sol
FN:29,constructor
FN:33,createPolicy
FN:81,buyPolicy
FN:97,redeemPolicy
FN:114,expirePolicy
FN:144,updateData
FN:171,isJsonApiProofValid
FN:176,abiSignatureHack
FN:180,getPolicy
FN:184,getCurrentPolicyId
FN:188,getIndicatorValue
FNF:11
FNH:8
FNDA:8,constructor
FNDA:22,createPolicy
FNDA:8,buyPolicy
FNDA:3,redeemPolicy
FNDA:5,expirePolicy
FNDA:17,updateData
FNDA:0,isJsonApiProofValid
FNDA:0,abiSignatureHack
FNDA:9,getPolicy
FNDA:0,getCurrentPolicyId
FNDA:1,getIndicatorValue
DA:30,8
DA:43,22
DA:44,21
DA:46,20
DA:47,19
DA:48,18
DA:49,17
DA:50,16
DA:51,16
DA:53,15
DA:55,15
DA:57,15
DA:59,15
DA:74,15
DA:76,15
DA:78,15
DA:82,8
DA:83,8
DA:84,7
DA:85,6
DA:87,5
DA:88,3
DA:90,3
DA:92,3
DA:94,3
DA:99,3
DA:102,3
DA:105,2
DA:108,1
DA:111,1
DA:116,5
DA:119,5
DA:122,5
DA:124,4
DA:125,2
DA:128,2
DA:129,2
DA:132,2
DA:136,1
DA:137,1
DA:140,1
DA:145,17
DA:148,17
DA:150,17
DA:151,17
DA:153,17
DA:154,13
DA:155,13
DA:157,13
DA:158,9
DA:159,5
DA:160,5
DA:163,4
DA:164,1
DA:165,1
DA:173,0
DA:181,9
DA:185,0
DA:189,1
LF:59
LH:57
BRDA:43,1,0,21
BRDA:43,1,1,1
BRDA:44,2,0,20
BRDA:44,2,1,1
BRDA:46,3,0,19
BRDA:46,3,1,1
BRDA:47,4,0,18
BRDA:47,4,1,1
BRDA:48,5,0,17
BRDA:48,5,1,1
BRDA:49,6,0,16
BRDA:49,6,1,1
BRDA:50,7,0,16
BRDA:50,7,1,0
BRDA:51,8,0,15
BRDA:51,8,1,1
BRDA:55,9,0,15
BRDA:55,9,1,0
BRDA:83,10,0,7
BRDA:83,10,1,1
BRDA:84,11,0,6
BRDA:84,11,1,1
BRDA:85,12,0,5
BRDA:85,12,1,1
BRDA:88,13,0,3
BRDA:88,13,1,0
BRDA:102,14,0,2
BRDA:102,14,1,1
BRDA:105,15,0,1
BRDA:105,15,1,1
BRDA:119,16,0,5
BRDA:119,16,1,0
BRDA:122,17,0,4
BRDA:122,17,1,1
BRDA:124,18,0,2
BRDA:124,18,1,2
BRDA:157,19,0,9
BRDA:157,19,1,4
BRDA:158,20,0,5
BRDA:158,20,1,4
BRDA:163,21,0,1
BRDA:163,21,1,3
BRF:42
BRH:38
end_of_record
TN:
SF:/home/recyclebin/hackathon/encode-flare/flare-insurance-dapp/contract/contracts/TestToken.sol
FN:7,constructor
FN:9,mint
FNF:2
FNH:2
FNDA:8,constructor
FNDA:17,mint
DA:10,17
LF:1
LH:1
BRF:0
BRH:0
end_of_record
